<?xml version="1.0" encoding="UTF-8"?>
<!-- Generated by org.testng.reporters.JUnitXMLReporter -->
<testsuite hostname="DESKTOP-BU3BUU7" ignored="0" name="Default test" tests="4" failures="0" timestamp="10 Feb 2023 06:50:51 GMT" time="28.067" errors="0">
  <testcase name="cnn" time="11.978" classname="com.jenkins.integration.CnnFacebook"/>
  <testcase name="facebook" time="3.449" classname="com.jenkins.integration.CnnFacebook"/>
  <testcase name="google" time="3.32" classname="com.jenkins.integration.OpenGoogleYahoo"/>
  <testcase name="yahoo" time="9.297" classname="com.jenkins.integration.OpenGoogleYahoo"/>
</testsuite> <!-- Default test -->
