<?xml version="1.0" encoding="UTF-8"?>
<!-- Generated by org.testng.reporters.JUnitXMLReporter -->
<testsuite hostname="DESKTOP-BU3BUU7" ignored="0" name="Test" tests="4" failures="0" timestamp="10 Feb 2023 12:14:35 GMT" time="28.667" errors="0">
  <testcase name="google" time="0.892" classname="com.jenkins.integration.OpenGoogleYahoo"/>
  <testcase name="yahoo" time="14.012" classname="com.jenkins.integration.OpenGoogleYahoo"/>
  <testcase name="cnn" time="8.162" classname="com.jenkins.integration.CnnFacebook"/>
  <testcase name="facebook" time="1.211" classname="com.jenkins.integration.CnnFacebook"/>
</testsuite> <!-- Test -->
